<?xml version="1.0" encoding="UTF-8"?>
<testng-results ignored="0" total="1" passed="1" failed="0" skipped="0">
  <reporter-output>
    <line>
      <![CDATA[create customer]]>
    </line>
  </reporter-output>
  <suite started-at="2024-01-05T12:57:32 IST" name="Default suite" finished-at="2024-01-05T12:57:32 IST" duration-ms="55">
    <groups>
    </groups>
    <test started-at="2024-01-05T12:57:32 IST" name="Default test" finished-at="2024-01-05T12:57:32 IST" duration-ms="55">
      <class name="com.actitime.testscript.CustomerModule">
        <test-method signature="createCustomer()[pri:0, instance:com.actitime.testscript.CustomerModule@76c3e77a]" started-at="2024-01-05T12:57:32 IST" name="createCustomer" finished-at="2024-01-05T12:57:32 IST" duration-ms="11" status="PASS">
          <reporter-output>
            <line>
              <![CDATA[create customer]]>
            </line>
          </reporter-output>
        </test-method> <!-- createCustomer -->
      </class> <!-- com.actitime.testscript.CustomerModule -->
    </test> <!-- Default test -->
  </suite> <!-- Default suite -->
</testng-results>
